{"/home/henrique/Documentos/MeusProjetos/clean-node-api/src/presentation/controllers/signup/signup-protocols.ts": {"path":"/home/henrique/Documentos/MeusProjetos/clean-node-api/src/presentation/controllers/signup/signup-protocols.ts","statementMap":{"0":{"start":{"line":1,"column":0},"end":{"line":1,"column":32}},"1":{"start":{"line":2,"column":0},"end":{"line":2,"column":48}},"2":{"start":{"line":3,"column":0},"end":{"line":3,"column":47}},"3":{"start":{"line":4,"column":0},"end":{"line":4,"column":49}}},"fnMap":{},"branchMap":{},"s":{"0":0,"1":0,"2":0,"3":0},"f":{},"b":{}}
,"/home/henrique/Documentos/MeusProjetos/clean-node-api/src/presentation/controllers/signup/signup.ts": {"path":"/home/henrique/Documentos/MeusProjetos/clean-node-api/src/presentation/controllers/signup/signup.ts","statementMap":{"0":{"start":{"line":1,"column":0},"end":{"line":1,"column":68}},"1":{"start":{"line":2,"column":0},"end":{"line":2,"column":78}},"2":{"start":{"line":15,"column":4},"end":{"line":15,"column":37}},"3":{"start":{"line":16,"column":4},"end":{"line":16,"column":33}},"4":{"start":{"line":19,"column":4},"end":{"line":45,"column":null}},"5":{"start":{"line":20,"column":34},"end":{"line":25,"column":8}},"6":{"start":{"line":27,"column":6},"end":{"line":30,"column":null}},"7":{"start":{"line":28,"column":8},"end":{"line":29,"column":58}},"8":{"start":{"line":29,"column":10},"end":{"line":29,"column":58}},"9":{"start":{"line":32,"column":8},"end":{"line":32,"column":26}},"10":{"start":{"line":34,"column":6},"end":{"line":35,"column":73}},"11":{"start":{"line":35,"column":8},"end":{"line":35,"column":73}},"12":{"start":{"line":37,"column":27},"end":{"line":37,"column":59}},"13":{"start":{"line":38,"column":6},"end":{"line":39,"column":69}},"14":{"start":{"line":39,"column":8},"end":{"line":39,"column":69}},"15":{"start":{"line":41,"column":25},"end":{"line":41,"column":77}},"16":{"start":{"line":42,"column":6},"end":{"line":42,"column":36}},"17":{"start":{"line":44,"column":6},"end":{"line":44,"column":27}},"18":{"start":{"line":49,"column":9},"end":{"line":49,"column":25}}},"fnMap":{"0":{"name":"(anonymous_0)","decl":{"start":{"line":14,"column":2},"end":{"line":14,"column":14}},"loc":{"start":{"line":14,"column":68},"end":{"line":17,"column":3}}},"1":{"name":"(anonymous_1)","decl":{"start":{"line":18,"column":2},"end":{"line":18,"column":7}},"loc":{"start":{"line":18,"column":39},"end":{"line":46,"column":3}}}},"branchMap":{"0":{"loc":{"start":{"line":28,"column":8},"end":{"line":29,"column":58}},"type":"if","locations":[{"start":{"line":28,"column":8},"end":{"line":29,"column":58}}]},"1":{"loc":{"start":{"line":34,"column":6},"end":{"line":35,"column":73}},"type":"if","locations":[{"start":{"line":34,"column":6},"end":{"line":35,"column":73}}]},"2":{"loc":{"start":{"line":38,"column":6},"end":{"line":39,"column":69}},"type":"if","locations":[{"start":{"line":38,"column":6},"end":{"line":39,"column":69}}]}},"s":{"0":1,"1":1,"2":11,"3":11,"4":11,"5":11,"6":11,"7":38,"8":4,"9":7,"10":7,"11":1,"12":6,"13":5,"14":1,"15":4,"16":3,"17":2,"18":1},"f":{"0":11,"1":11},"b":{"0":[4],"1":[1],"2":[1]}}
,"/home/henrique/Documentos/MeusProjetos/clean-node-api/src/presentation/errors/index.ts": {"path":"/home/henrique/Documentos/MeusProjetos/clean-node-api/src/presentation/errors/index.ts","statementMap":{"0":{"start":{"line":1,"column":0},"end":{"line":1,"column":38}},"1":{"start":{"line":2,"column":0},"end":{"line":2,"column":38}},"2":{"start":{"line":3,"column":0},"end":{"line":3,"column":31}}},"fnMap":{},"branchMap":{},"s":{"0":1,"1":1,"2":1},"f":{},"b":{}}
,"/home/henrique/Documentos/MeusProjetos/clean-node-api/src/presentation/errors/invalid-param-error.ts": {"path":"/home/henrique/Documentos/MeusProjetos/clean-node-api/src/presentation/errors/invalid-param-error.ts","statementMap":{"0":{"start":{"line":3,"column":4},"end":{"line":3,"column":41}},"1":{"start":{"line":4,"column":4},"end":{"line":4,"column":36}},"2":{"start":{"line":8,"column":9},"end":{"line":8,"column":26}}},"fnMap":{"0":{"name":"(anonymous_0)","decl":{"start":{"line":2,"column":2},"end":{"line":2,"column":14}},"loc":{"start":{"line":2,"column":31},"end":{"line":5,"column":3}}}},"branchMap":{},"s":{"0":4,"1":4,"2":1},"f":{"0":4},"b":{}}
,"/home/henrique/Documentos/MeusProjetos/clean-node-api/src/presentation/errors/missing-param-erros.ts": {"path":"/home/henrique/Documentos/MeusProjetos/clean-node-api/src/presentation/errors/missing-param-erros.ts","statementMap":{"0":{"start":{"line":3,"column":4},"end":{"line":3,"column":40}},"1":{"start":{"line":4,"column":4},"end":{"line":4,"column":36}},"2":{"start":{"line":8,"column":9},"end":{"line":8,"column":26}}},"fnMap":{"0":{"name":"(anonymous_0)","decl":{"start":{"line":2,"column":2},"end":{"line":2,"column":14}},"loc":{"start":{"line":2,"column":31},"end":{"line":5,"column":3}}}},"branchMap":{},"s":{"0":8,"1":8,"2":1},"f":{"0":8},"b":{}}
,"/home/henrique/Documentos/MeusProjetos/clean-node-api/src/presentation/errors/server-error.ts": {"path":"/home/henrique/Documentos/MeusProjetos/clean-node-api/src/presentation/errors/server-error.ts","statementMap":{"0":{"start":{"line":3,"column":4},"end":{"line":3,"column":35}},"1":{"start":{"line":4,"column":4},"end":{"line":4,"column":30}},"2":{"start":{"line":8,"column":9},"end":{"line":8,"column":20}}},"fnMap":{"0":{"name":"(anonymous_0)","decl":{"start":{"line":2,"column":2},"end":{"line":2,"column":null}},"loc":{"start":{"line":2,"column":2},"end":{"line":5,"column":3}}}},"branchMap":{},"s":{"0":4,"1":4,"2":1},"f":{"0":4},"b":{}}
,"/home/henrique/Documentos/MeusProjetos/clean-node-api/src/presentation/helper/hel-helper.ts": {"path":"/home/henrique/Documentos/MeusProjetos/clean-node-api/src/presentation/helper/hel-helper.ts","statementMap":{"0":{"start":{"line":1,"column":0},"end":{"line":1,"column":40}},"1":{"start":{"line":4,"column":19},"end":{"line":7,"column":2}},"2":{"start":{"line":4,"column":52},"end":{"line":7,"column":2}},"3":{"start":{"line":13,"column":9},"end":{"line":13,"column":19}},"4":{"start":{"line":9,"column":20},"end":{"line":9,"column":72}},"5":{"start":{"line":9,"column":27},"end":{"line":9,"column":71}},"6":{"start":{"line":13,"column":21},"end":{"line":13,"column":32}},"7":{"start":{"line":11,"column":19},"end":{"line":11,"column":67}},"8":{"start":{"line":11,"column":35},"end":{"line":11,"column":66}},"9":{"start":{"line":13,"column":34},"end":{"line":13,"column":44}}},"fnMap":{"0":{"name":"(anonymous_0)","decl":{"start":{"line":4,"column":19},"end":{"line":4,"column":20}},"loc":{"start":{"line":4,"column":52},"end":{"line":7,"column":2}}},"1":{"name":"(anonymous_1)","decl":{"start":{"line":9,"column":20},"end":{"line":9,"column":23}},"loc":{"start":{"line":9,"column":27},"end":{"line":9,"column":71}}},"2":{"name":"(anonymous_2)","decl":{"start":{"line":11,"column":19},"end":{"line":11,"column":20}},"loc":{"start":{"line":11,"column":35},"end":{"line":11,"column":66}}}},"branchMap":{},"s":{"0":1,"1":1,"2":6,"3":1,"4":1,"5":2,"6":1,"7":1,"8":3,"9":1},"f":{"0":6,"1":2,"2":3},"b":{}}
,"/home/henrique/Documentos/MeusProjetos/clean-node-api/src/presentation/protocols/index.ts": {"path":"/home/henrique/Documentos/MeusProjetos/clean-node-api/src/presentation/protocols/index.ts","statementMap":{"0":{"start":{"line":1,"column":0},"end":{"line":1,"column":29}},"1":{"start":{"line":2,"column":0},"end":{"line":2,"column":34}},"2":{"start":{"line":3,"column":0},"end":{"line":3,"column":23}}},"fnMap":{},"branchMap":{},"s":{"0":0,"1":0,"2":0},"f":{},"b":{}}
}
