TN:
SF:src/presentation/controllers/signup.ts
FN:10,SignUpController
FN:13,handle
FNF:2
FNH:2
FNDA:6,SignUpController
FNDA:6,handle
DA:1,1
DA:2,1
DA:3,1
DA:4,1
DA:5,1
DA:6,1
DA:7,1
DA:8,1
DA:9,1
DA:10,1
DA:11,6
DA:12,6
DA:13,1
DA:14,6
DA:15,6
DA:16,6
DA:17,6
DA:18,6
DA:19,6
DA:20,6
DA:21,6
DA:22,18
DA:23,18
DA:24,18
DA:25,2
DA:26,6
DA:27,6
DA:28,6
DA:29,1
DA:30,1
DA:31,1
DA:32,1
DA:33,1
DA:34,1
LF:34
LH:34
BRDA:10,0,0,6
BRDA:13,1,0,6
BRDA:21,2,0,18
BRDA:23,3,0,4
BRDA:25,4,0,2
BRDA:26,5,0,0
BRDA:26,6,0,2
BRDA:28,7,0,1
BRF:8
BRH:7
end_of_record
TN:
SF:src/presentation/errors/invalid-param-error.ts
FN:2,InvalidParamError
FNF:1
FNH:1
FNDA:2,InvalidParamError
DA:1,1
DA:2,1
DA:3,2
DA:4,2
DA:5,2
DA:6,1
DA:7,1
DA:8,1
LF:8
LH:8
BRDA:2,0,0,2
BRF:1
BRH:1
end_of_record
TN:
SF:src/presentation/errors/missing-param-erros.ts
FN:2,MissingParamError
FNF:1
FNH:1
FNDA:9,MissingParamError
DA:1,1
DA:2,1
DA:3,9
DA:4,9
DA:5,9
DA:6,1
DA:7,1
DA:8,1
LF:8
LH:8
BRDA:2,0,0,9
BRF:1
BRH:1
end_of_record
TN:
SF:src/presentation/protocols/email-validator.ts
FN:1,(empty-report)
FNF:1
FNH:0
FNDA:0,(empty-report)
DA:1,0
DA:2,0
DA:3,0
DA:4,0
DA:5,0
LF:5
LH:0
BRDA:1,0,0,0
BRF:1
BRH:0
end_of_record
