TN:
SF:src/presentation/controllers/signup.ts
FN:12,SignUpController
FN:15,handle
FNF:2
FNH:2
FNDA:8,SignUpController
FNDA:8,handle
DA:1,1
DA:2,1
DA:3,1
DA:4,1
DA:5,1
DA:6,1
DA:7,1
DA:8,1
DA:9,1
DA:10,1
DA:11,1
DA:12,1
DA:13,8
DA:14,8
DA:15,1
DA:16,8
DA:17,8
DA:18,8
DA:19,8
DA:20,8
DA:21,8
DA:22,8
DA:23,8
DA:24,8
DA:25,26
DA:26,26
DA:27,26
DA:28,8
DA:29,8
DA:30,8
DA:31,8
DA:32,8
DA:33,8
DA:34,8
DA:35,1
DA:36,1
DA:37,1
DA:38,1
DA:39,1
DA:40,8
DA:41,1
DA:42,1
DA:43,1
LF:43
LH:43
BRDA:12,0,0,8
BRDA:15,1,0,8
BRDA:24,2,0,26
BRDA:26,3,0,4
BRDA:29,4,0,0
BRDA:29,5,0,4
BRDA:29,6,0,4
BRDA:29,7,0,0
BRDA:29,8,0,4
BRDA:30,9,0,1
BRDA:32,10,0,0
BRDA:32,11,0,3
BRDA:34,12,0,1
BRF:13
BRH:10
end_of_record
TN:
SF:src/presentation/errors/index.ts
FNF:0
FNH:0
DA:1,1
DA:2,1
DA:3,1
LF:3
LH:3
BRF:0
BRH:0
end_of_record
TN:
SF:src/presentation/protocols/index.ts
FN:1,(empty-report)
FNF:1
FNH:0
FNDA:0,(empty-report)
DA:1,0
DA:2,0
DA:3,0
LF:3
LH:0
BRDA:1,0,0,0
BRF:1
BRH:0
end_of_record
